INFO:logger:
---------------------


INFO:werkzeug:[31m[1mWARNING: This is a development server. Do not use it in a production deployment. Use a production WSGI server instead.[0m
 * Running on all addresses (0.0.0.0)
 * Running on http://127.0.0.1:5000
 * Running on http://172.19.0.3:5000
INFO:werkzeug:[33mPress CTRL+C to quit[0m
INFO:werkzeug: * Restarting with stat
INFO:logger:
---------------------


WARNING:werkzeug: * Debugger is active!
INFO:werkzeug: * Debugger PIN: 753-302-689
INFO:werkzeug:172.19.0.1 - - [16/Dec/2024 12:14:48] "GET / HTTP/1.1" 200 -
INFO:werkzeug:172.19.0.1 - - [16/Dec/2024 12:14:48] "[33mGET /favicon.ico HTTP/1.1[0m" 404 -
INFO:werkzeug:172.19.0.1 - - [16/Dec/2024 12:14:59] "GET /part1.html HTTP/1.1" 200 -
INFO:werkzeug:172.19.0.1 - - [16/Dec/2024 12:15:03] "GET /part2.html HTTP/1.1" 200 -
INFO:werkzeug:172.19.0.1 - - [16/Dec/2024 12:15:14] "GET /part3.html HTTP/1.1" 200 -
INFO:werkzeug:172.19.0.1 - - [16/Dec/2024 12:15:22] "GET /part1.html HTTP/1.1" 200 -
INFO:werkzeug: * Detected change in '/app/app.py', reloading
INFO:werkzeug: * Restarting with stat
INFO:logger:
---------------------


WARNING:werkzeug: * Debugger is active!
INFO:werkzeug: * Debugger PIN: 753-302-689
INFO:werkzeug:172.19.0.1 - - [16/Dec/2024 12:15:48] "GET / HTTP/1.1" 200 -
INFO:werkzeug: * Detected change in '/app/app.py', reloading
INFO:werkzeug: * Restarting with stat
INFO:logger:
---------------------


WARNING:werkzeug: * Debugger is active!
INFO:werkzeug: * Debugger PIN: 753-302-689
INFO:werkzeug:172.19.0.1 - - [16/Dec/2024 12:17:23] "GET / HTTP/1.1" 200 -
INFO:werkzeug:172.19.0.1 - - [16/Dec/2024 12:17:32] "GET / HTTP/1.1" 200 -
INFO:werkzeug:172.19.0.1 - - [16/Dec/2024 12:17:44] "GET / HTTP/1.1" 200 -
INFO:werkzeug:172.19.0.1 - - [16/Dec/2024 12:17:57] "GET / HTTP/1.1" 200 -
INFO:werkzeug:172.19.0.1 - - [16/Dec/2024 12:18:31] "GET / HTTP/1.1" 200 -
INFO:werkzeug:172.19.0.1 - - [16/Dec/2024 12:18:32] "GET /part1.html HTTP/1.1" 200 -
INFO:werkzeug:172.19.0.1 - - [16/Dec/2024 12:18:34] "GET /part2.html HTTP/1.1" 200 -
INFO:werkzeug:172.19.0.1 - - [16/Dec/2024 12:19:17] "GET /part1.html HTTP/1.1" 200 -
INFO:logger:---- part1_vulnerable ----
INFO:logger:v_password  -> 2
INFO:logger:v_username  -> 1
INFO:logger:v_remember  -> on
INFO:werkzeug:172.19.0.1 - - [16/Dec/2024 12:19:45] "GET /part1_vulnerable?v_username=1&v_password=2&v_remember=on HTTP/1.1" 200 -
INFO:logger:---- part1_vulnerable ----
INFO:logger:v_password  -> 2
INFO:logger:v_username  -> 1
INFO:logger:v_remember  -> on
INFO:werkzeug:172.19.0.1 - - [16/Dec/2024 12:19:51] "GET /part1_vulnerable?v_username=1&v_password=2&v_remember=on HTTP/1.1" 200 -
INFO:werkzeug: * Detected change in '/app/app.py', reloading
INFO:werkzeug: * Restarting with stat
INFO:logger:
---------------------


WARNING:werkzeug: * Debugger is active!
INFO:werkzeug: * Debugger PIN: 753-302-689
INFO:werkzeug: * Detected change in '/app/app.py', reloading
INFO:werkzeug: * Restarting with stat
INFO:logger:
---------------------


WARNING:werkzeug: * Debugger is active!
INFO:werkzeug: * Debugger PIN: 753-302-689
INFO:werkzeug: * Detected change in '/app/app.py', reloading
INFO:werkzeug: * Restarting with stat
INFO:logger:
---------------------


WARNING:werkzeug: * Debugger is active!
INFO:werkzeug: * Debugger PIN: 753-302-689
INFO:werkzeug: * Detected change in '/app/app.py', reloading
INFO:werkzeug: * Restarting with stat
INFO:logger:
---------------------


WARNING:werkzeug: * Debugger is active!
INFO:werkzeug: * Debugger PIN: 753-302-689
INFO:werkzeug: * Detected change in '/app/app.py', reloading
INFO:werkzeug: * Restarting with stat
INFO:logger:
---------------------


WARNING:werkzeug: * Debugger is active!
INFO:werkzeug: * Debugger PIN: 753-302-689
INFO:werkzeug: * Detected change in '/app/app.py', reloading
INFO:werkzeug: * Restarting with stat
INFO:logger:
---------------------


WARNING:werkzeug: * Debugger is active!
INFO:werkzeug: * Debugger PIN: 753-302-689
INFO:werkzeug: * Detected change in '/app/app.py', reloading
INFO:werkzeug: * Restarting with stat
INFO:logger:
---------------------


WARNING:werkzeug: * Debugger is active!
INFO:werkzeug: * Debugger PIN: 753-302-689
INFO:werkzeug: * Detected change in '/app/app.py', reloading
INFO:werkzeug: * Restarting with stat
INFO:logger:
---------------------


WARNING:werkzeug: * Debugger is active!
INFO:werkzeug: * Debugger PIN: 753-302-689
INFO:werkzeug: * Detected change in '/app/app.py', reloading
INFO:werkzeug: * Restarting with stat
INFO:logger:
---------------------


WARNING:werkzeug: * Debugger is active!
INFO:werkzeug: * Debugger PIN: 753-302-689
INFO:werkzeug: * Detected change in '/app/app.py', reloading
INFO:werkzeug: * Restarting with stat
INFO:logger:
---------------------


INFO:werkzeug:[31m[1mWARNING: This is a development server. Do not use it in a production deployment. Use a production WSGI server instead.[0m
 * Running on all addresses (0.0.0.0)
 * Running on http://127.0.0.1:5000
 * Running on http://172.19.0.3:5000
INFO:werkzeug:[33mPress CTRL+C to quit[0m
INFO:werkzeug: * Restarting with stat
INFO:logger:
---------------------


WARNING:werkzeug: * Debugger is active!
INFO:werkzeug: * Debugger PIN: 122-319-324
INFO:werkzeug: * Detected change in '/app/app.py', reloading
INFO:werkzeug: * Restarting with stat
INFO:logger:
---------------------


WARNING:werkzeug: * Debugger is active!
INFO:werkzeug: * Debugger PIN: 122-319-324
INFO:werkzeug: * Detected change in '/app/app.py', reloading
INFO:werkzeug: * Restarting with stat
INFO:logger:
---------------------


WARNING:werkzeug: * Debugger is active!
INFO:werkzeug: * Debugger PIN: 122-319-324
INFO:werkzeug: * Detected change in '/app/app.py', reloading
INFO:werkzeug: * Restarting with stat
INFO:logger:
---------------------


WARNING:werkzeug: * Debugger is active!
INFO:werkzeug: * Debugger PIN: 122-319-324
INFO:werkzeug: * Detected change in '/app/app.py', reloading
INFO:werkzeug: * Restarting with stat
INFO:logger:
---------------------


WARNING:werkzeug: * Debugger is active!
INFO:werkzeug: * Debugger PIN: 122-319-324
INFO:werkzeug:172.19.0.1 - - [16/Dec/2024 12:25:29] "GET / HTTP/1.1" 200 -
INFO:werkzeug:172.19.0.1 - - [16/Dec/2024 12:25:30] "GET /part1.html HTTP/1.1" 200 -
INFO:logger:---- part1_vulnerable ----
INFO:werkzeug:172.19.0.1 - - [16/Dec/2024 12:25:36] "GET /part1_vulnerable?v_username=username&v_password=1234&v_remember=on HTTP/1.1" 200 -
INFO:werkzeug: * Detected change in '/app/app.py', reloading
INFO:werkzeug: * Restarting with stat
INFO:logger:
---------------------


WARNING:werkzeug: * Debugger is active!
INFO:werkzeug: * Debugger PIN: 122-319-324
INFO:werkzeug: * Detected change in '/app/app.py', reloading
INFO:werkzeug: * Restarting with stat
INFO:logger:
---------------------


WARNING:werkzeug: * Debugger is active!
INFO:werkzeug: * Debugger PIN: 122-319-324
INFO:werkzeug: * Detected change in '/app/app.py', reloading
INFO:werkzeug: * Restarting with stat
INFO:logger:
---------------------


WARNING:werkzeug: * Debugger is active!
INFO:werkzeug: * Debugger PIN: 122-319-324
INFO:werkzeug: * Detected change in '/app/app.py', reloading
INFO:werkzeug: * Restarting with stat
INFO:logger:
---------------------


WARNING:werkzeug: * Debugger is active!
INFO:werkzeug: * Debugger PIN: 122-319-324
INFO:werkzeug: * Detected change in '/app/app.py', reloading
INFO:werkzeug: * Restarting with stat
INFO:logger:
---------------------


WARNING:werkzeug: * Debugger is active!
INFO:werkzeug: * Debugger PIN: 122-319-324
INFO:werkzeug: * Detected change in '/app/app.py', reloading
INFO:werkzeug: * Restarting with stat
INFO:logger:
---------------------


WARNING:werkzeug: * Debugger is active!
INFO:werkzeug: * Debugger PIN: 122-319-324
INFO:werkzeug: * Detected change in '/app/app.py', reloading
INFO:werkzeug: * Restarting with stat
INFO:logger:
---------------------


WARNING:werkzeug: * Debugger is active!
INFO:werkzeug: * Debugger PIN: 122-319-324
INFO:werkzeug: * Detected change in '/app/app.py', reloading
INFO:werkzeug: * Restarting with stat
INFO:logger:
---------------------


WARNING:werkzeug: * Debugger is active!
INFO:werkzeug: * Debugger PIN: 122-319-324
INFO:werkzeug: * Detected change in '/app/app.py', reloading
INFO:werkzeug: * Restarting with stat
INFO:logger:
---------------------


WARNING:werkzeug: * Debugger is active!
INFO:werkzeug: * Debugger PIN: 122-319-324
INFO:werkzeug: * Detected change in '/app/app.py', reloading
INFO:werkzeug: * Restarting with stat
INFO:logger:
---------------------


WARNING:werkzeug: * Debugger is active!
INFO:werkzeug: * Debugger PIN: 122-319-324
INFO:werkzeug: * Detected change in '/app/app.py', reloading
INFO:werkzeug: * Restarting with stat
INFO:logger:
---------------------


WARNING:werkzeug: * Debugger is active!
INFO:werkzeug: * Debugger PIN: 122-319-324
INFO:werkzeug: * Detected change in '/app/app.py', reloading
INFO:werkzeug: * Restarting with stat
INFO:logger:
---------------------


WARNING:werkzeug: * Debugger is active!
INFO:werkzeug: * Debugger PIN: 122-319-324
INFO:werkzeug: * Detected change in '/app/app.py', reloading
INFO:werkzeug: * Restarting with stat
INFO:logger:
---------------------


WARNING:werkzeug: * Debugger is active!
INFO:werkzeug: * Debugger PIN: 122-319-324
INFO:werkzeug: * Detected change in '/app/app.py', reloading
INFO:werkzeug: * Restarting with stat
INFO:logger:
---------------------


WARNING:werkzeug: * Debugger is active!
INFO:werkzeug: * Debugger PIN: 122-319-324
INFO:werkzeug: * Detected change in '/app/app.py', reloading
INFO:werkzeug: * Restarting with stat
INFO:logger:
---------------------


WARNING:werkzeug: * Debugger is active!
INFO:werkzeug: * Debugger PIN: 122-319-324
INFO:werkzeug: * Detected change in '/app/app.py', reloading
INFO:werkzeug: * Restarting with stat
INFO:logger:
---------------------


WARNING:werkzeug: * Debugger is active!
INFO:werkzeug: * Debugger PIN: 122-319-324
INFO:werkzeug: * Detected change in '/app/app.py', reloading
INFO:werkzeug: * Restarting with stat
INFO:logger:
---------------------


WARNING:werkzeug: * Debugger is active!
INFO:werkzeug: * Debugger PIN: 122-319-324
INFO:werkzeug: * Detected change in '/app/app.py', reloading
INFO:werkzeug: * Restarting with stat
INFO:logger:
---------------------


WARNING:werkzeug: * Debugger is active!
INFO:werkzeug: * Debugger PIN: 122-319-324
INFO:werkzeug: * Detected change in '/app/app.py', reloading
INFO:werkzeug: * Restarting with stat
INFO:logger:
---------------------


WARNING:werkzeug: * Debugger is active!
INFO:werkzeug: * Debugger PIN: 122-319-324
INFO:werkzeug: * Detected change in '/app/app.py', reloading
INFO:werkzeug: * Restarting with stat
INFO:logger:
---------------------


WARNING:werkzeug: * Debugger is active!
INFO:werkzeug: * Debugger PIN: 122-319-324
INFO:werkzeug: * Detected change in '/app/app.py', reloading
INFO:werkzeug: * Restarting with stat
INFO:logger:
---------------------


WARNING:werkzeug: * Debugger is active!
INFO:werkzeug: * Debugger PIN: 122-319-324
INFO:werkzeug: * Detected change in '/app/app.py', reloading
INFO:werkzeug: * Restarting with stat
INFO:logger:
---------------------


WARNING:werkzeug: * Debugger is active!
INFO:werkzeug: * Debugger PIN: 122-319-324
INFO:werkzeug: * Detected change in '/app/app.py', reloading
INFO:werkzeug: * Restarting with stat
INFO:logger:
---------------------


WARNING:werkzeug: * Debugger is active!
INFO:werkzeug: * Debugger PIN: 122-319-324
INFO:werkzeug: * Detected change in '/app/app.py', reloading
INFO:werkzeug: * Restarting with stat
INFO:logger:
---------------------


WARNING:werkzeug: * Debugger is active!
INFO:werkzeug: * Debugger PIN: 122-319-324
INFO:werkzeug: * Detected change in '/app/app.py', reloading
INFO:werkzeug: * Restarting with stat
INFO:logger:
---------------------


WARNING:werkzeug: * Debugger is active!
INFO:werkzeug: * Debugger PIN: 122-319-324
INFO:werkzeug: * Detected change in '/app/app.py', reloading
INFO:werkzeug: * Restarting with stat
INFO:logger:
---------------------


WARNING:werkzeug: * Debugger is active!
INFO:werkzeug: * Debugger PIN: 122-319-324
INFO:werkzeug: * Detected change in '/app/app.py', reloading
INFO:werkzeug: * Restarting with stat
INFO:logger:
---------------------


WARNING:werkzeug: * Debugger is active!
INFO:werkzeug: * Debugger PIN: 122-319-324
INFO:werkzeug: * Detected change in '/app/app.py', reloading
INFO:werkzeug: * Restarting with stat
INFO:logger:
---------------------


WARNING:werkzeug: * Debugger is active!
INFO:werkzeug: * Debugger PIN: 122-319-324
INFO:werkzeug: * Detected change in '/app/app.py', reloading
INFO:werkzeug: * Restarting with stat
INFO:logger:
---------------------


WARNING:werkzeug: * Debugger is active!
INFO:werkzeug: * Debugger PIN: 122-319-324
INFO:werkzeug: * Detected change in '/app/app.py', reloading
INFO:werkzeug: * Restarting with stat
INFO:logger:
---------------------


WARNING:werkzeug: * Debugger is active!
INFO:werkzeug: * Debugger PIN: 122-319-324
INFO:werkzeug: * Detected change in '/app/app.py', reloading
INFO:werkzeug: * Restarting with stat
INFO:logger:
---------------------


WARNING:werkzeug: * Debugger is active!
INFO:werkzeug: * Debugger PIN: 122-319-324
INFO:werkzeug: * Detected change in '/app/app.py', reloading
INFO:werkzeug: * Restarting with stat
INFO:logger:
---------------------


WARNING:werkzeug: * Debugger is active!
INFO:werkzeug: * Debugger PIN: 122-319-324
INFO:werkzeug: * Detected change in '/app/app.py', reloading
INFO:werkzeug: * Restarting with stat
INFO:logger:
---------------------


WARNING:werkzeug: * Debugger is active!
INFO:werkzeug: * Debugger PIN: 122-319-324
INFO:werkzeug:172.19.0.1 - - [16/Dec/2024 12:30:52] "GET /part1.html HTTP/1.1" 200 -
INFO:werkzeug:172.19.0.1 - - [16/Dec/2024 12:31:06] "GET /part1.html HTTP/1.1" 200 -
INFO:logger:---- part1_register ----
INFO:werkzeug:172.19.0.1 - - [16/Dec/2024 12:31:13] "[35m[1mGET /part1_register?r_username=username&r_password=pass HTTP/1.1[0m" 500 -
INFO:werkzeug:172.19.0.1 - - [16/Dec/2024 12:31:13] "GET /part1_register?__debugger__=yes&cmd=resource&f=style.css HTTP/1.1" 200 -
INFO:werkzeug:172.19.0.1 - - [16/Dec/2024 12:31:13] "GET /part1_register?__debugger__=yes&cmd=resource&f=debugger.js HTTP/1.1" 200 -
INFO:werkzeug:172.19.0.1 - - [16/Dec/2024 12:31:13] "GET /part1_register?__debugger__=yes&cmd=resource&f=console.png&s=Ix3AzgzXExZh7C9o2lFJ HTTP/1.1" 200 -
INFO:werkzeug:172.19.0.1 - - [16/Dec/2024 12:31:13] "GET /part1_register?__debugger__=yes&cmd=resource&f=console.png HTTP/1.1" 200 -
INFO:werkzeug: * Detected change in '/app/app.py', reloading
INFO:werkzeug: * Restarting with stat
INFO:logger:
---------------------


WARNING:werkzeug: * Debugger is active!
INFO:werkzeug: * Debugger PIN: 122-319-324
INFO:werkzeug: * Detected change in '/app/app.py', reloading
INFO:werkzeug: * Restarting with stat
INFO:logger:
---------------------


WARNING:werkzeug: * Debugger is active!
INFO:werkzeug: * Debugger PIN: 122-319-324
INFO:werkzeug: * Detected change in '/app/app.py', reloading
INFO:werkzeug: * Restarting with stat
INFO:logger:
---------------------


WARNING:werkzeug: * Debugger is active!
INFO:werkzeug: * Debugger PIN: 122-319-324
INFO:logger:
---------------------


INFO:werkzeug:[31m[1mWARNING: This is a development server. Do not use it in a production deployment. Use a production WSGI server instead.[0m
 * Running on all addresses (0.0.0.0)
 * Running on http://127.0.0.1:5000
 * Running on http://172.19.0.3:5000
INFO:werkzeug:[33mPress CTRL+C to quit[0m
INFO:werkzeug: * Restarting with stat
INFO:logger:
---------------------


WARNING:werkzeug: * Debugger is active!
INFO:werkzeug: * Debugger PIN: 573-392-203
INFO:logger:---- part1_register ----
INFO:werkzeug:172.19.0.1 - - [16/Dec/2024 12:33:24] "[35m[1mGET /part1_register?r_username=username&r_password=pass HTTP/1.1[0m" 500 -
INFO:werkzeug:172.19.0.1 - - [16/Dec/2024 12:33:24] "[36mGET /part1_register?__debugger__=yes&cmd=resource&f=style.css HTTP/1.1[0m" 304 -
INFO:werkzeug:172.19.0.1 - - [16/Dec/2024 12:33:24] "[36mGET /part1_register?__debugger__=yes&cmd=resource&f=debugger.js HTTP/1.1[0m" 304 -
INFO:werkzeug:172.19.0.1 - - [16/Dec/2024 12:33:24] "GET /part1_register?__debugger__=yes&cmd=resource&f=console.png&s=QkDvBxGyTf9WQsc6Y5b4 HTTP/1.1" 200 -
INFO:werkzeug: * Detected change in '/app/app.py', reloading
INFO:werkzeug: * Restarting with stat
INFO:logger:
---------------------


WARNING:werkzeug: * Debugger is active!
INFO:werkzeug: * Debugger PIN: 573-392-203
INFO:werkzeug: * Detected change in '/app/app.py', reloading
INFO:werkzeug: * Restarting with stat
INFO:logger:
---------------------


INFO:werkzeug:[31m[1mWARNING: This is a development server. Do not use it in a production deployment. Use a production WSGI server instead.[0m
 * Running on all addresses (0.0.0.0)
 * Running on http://127.0.0.1:5000
 * Running on http://172.19.0.3:5000
INFO:werkzeug:[33mPress CTRL+C to quit[0m
INFO:werkzeug: * Restarting with stat
INFO:logger:
---------------------


WARNING:werkzeug: * Debugger is active!
INFO:werkzeug: * Debugger PIN: 106-507-965
INFO:werkzeug: * Detected change in '/app/app.py', reloading
INFO:werkzeug: * Restarting with stat
INFO:logger:
---------------------


WARNING:werkzeug: * Debugger is active!
INFO:werkzeug: * Debugger PIN: 106-507-965
INFO:logger:---- part1_register ----
INFO:werkzeug:172.19.0.1 - - [16/Dec/2024 12:56:01] "[35m[1mGET /part1_register?r_username=username&r_password=pass1234 HTTP/1.1[0m" 500 -
INFO:werkzeug:172.19.0.1 - - [16/Dec/2024 12:56:01] "[36mGET /part1_register?__debugger__=yes&cmd=resource&f=style.css HTTP/1.1[0m" 304 -
INFO:werkzeug:172.19.0.1 - - [16/Dec/2024 12:56:01] "[36mGET /part1_register?__debugger__=yes&cmd=resource&f=debugger.js HTTP/1.1[0m" 304 -
INFO:werkzeug:172.19.0.1 - - [16/Dec/2024 12:56:01] "GET /part1_register?__debugger__=yes&cmd=resource&f=console.png&s=G4M01y182sMJdZLvbHnk HTTP/1.1" 200 -
INFO:werkzeug: * Detected change in '/app/app.py', reloading
INFO:werkzeug: * Restarting with stat
INFO:logger:
---------------------


WARNING:werkzeug: * Debugger is active!
INFO:werkzeug: * Debugger PIN: 106-507-965
INFO:werkzeug: * Detected change in '/app/app.py', reloading
INFO:werkzeug: * Restarting with stat
INFO:logger:
---------------------


WARNING:werkzeug: * Debugger is active!
INFO:werkzeug: * Debugger PIN: 106-507-965
INFO:logger:---- part1_register ----
INFO:werkzeug:172.19.0.1 - - [16/Dec/2024 12:56:32] "[35m[1mGET /part1_register?r_username=username&r_password=pass1234 HTTP/1.1[0m" 500 -
INFO:werkzeug:172.19.0.1 - - [16/Dec/2024 12:56:32] "[36mGET /part1_register?__debugger__=yes&cmd=resource&f=style.css HTTP/1.1[0m" 304 -
INFO:werkzeug:172.19.0.1 - - [16/Dec/2024 12:56:32] "[36mGET /part1_register?__debugger__=yes&cmd=resource&f=debugger.js HTTP/1.1[0m" 304 -
INFO:werkzeug:172.19.0.1 - - [16/Dec/2024 12:56:32] "GET /part1_register?__debugger__=yes&cmd=resource&f=console.png&s=Sc4UTMgLmn6uYT6RMlge HTTP/1.1" 200 -
INFO:werkzeug: * Detected change in '/app/app.py', reloading
INFO:werkzeug: * Restarting with stat
INFO:logger:
---------------------


WARNING:werkzeug: * Debugger is active!
INFO:werkzeug: * Debugger PIN: 106-507-965
INFO:werkzeug: * Detected change in '/app/app.py', reloading
INFO:werkzeug: * Restarting with stat
INFO:logger:
---------------------


WARNING:werkzeug: * Debugger is active!
INFO:werkzeug: * Debugger PIN: 106-507-965
INFO:logger:---- part1_register ----
INFO:logger:User username registered
INFO:werkzeug:172.19.0.1 - - [16/Dec/2024 12:56:56] "GET /part1_register?r_username=username&r_password=pass1234 HTTP/1.1" 200 -
INFO:werkzeug: * Detected change in '/app/app.py', reloading
INFO:werkzeug: * Restarting with stat
INFO:logger:
---------------------


WARNING:werkzeug: * Debugger is active!
INFO:werkzeug: * Debugger PIN: 106-507-965
INFO:werkzeug: * Detected change in '/app/app.py', reloading
INFO:werkzeug: * Restarting with stat
INFO:logger:
---------------------


WARNING:werkzeug: * Debugger is active!
INFO:werkzeug: * Debugger PIN: 106-507-965
INFO:werkzeug: * Detected change in '/app/app.py', reloading
INFO:werkzeug: * Restarting with stat
INFO:logger:
---------------------


WARNING:werkzeug: * Debugger is active!
INFO:werkzeug: * Debugger PIN: 106-507-965
INFO:werkzeug: * Detected change in '/app/app.py', reloading
INFO:werkzeug: * Restarting with stat
INFO:logger:
---------------------


WARNING:werkzeug: * Debugger is active!
INFO:werkzeug: * Debugger PIN: 106-507-965
INFO:werkzeug: * Detected change in '/app/app.py', reloading
INFO:werkzeug: * Restarting with stat
INFO:logger:
---------------------


WARNING:werkzeug: * Debugger is active!
INFO:werkzeug: * Debugger PIN: 106-507-965
INFO:werkzeug: * Detected change in '/app/app.py', reloading
INFO:werkzeug: * Restarting with stat
INFO:logger:
---------------------


WARNING:werkzeug: * Debugger is active!
INFO:werkzeug: * Debugger PIN: 106-507-965
INFO:werkzeug: * Detected change in '/app/app.py', reloading
INFO:werkzeug: * Restarting with stat
INFO:logger:
---------------------


WARNING:werkzeug: * Debugger is active!
INFO:werkzeug: * Debugger PIN: 106-507-965
INFO:werkzeug: * Detected change in '/app/app.py', reloading
INFO:werkzeug: * Restarting with stat
INFO:logger:
---------------------


WARNING:werkzeug: * Debugger is active!
INFO:werkzeug: * Debugger PIN: 106-507-965
INFO:werkzeug: * Detected change in '/app/app.py', reloading
INFO:werkzeug: * Restarting with stat
INFO:logger:
---------------------


WARNING:werkzeug: * Debugger is active!
INFO:werkzeug: * Debugger PIN: 106-507-965
INFO:werkzeug: * Detected change in '/app/app.py', reloading
INFO:werkzeug: * Restarting with stat
INFO:logger:
---------------------


WARNING:werkzeug: * Debugger is active!
INFO:werkzeug: * Debugger PIN: 106-507-965
INFO:werkzeug: * Detected change in '/app/app.py', reloading
INFO:werkzeug: * Restarting with stat
INFO:logger:
---------------------


WARNING:werkzeug: * Debugger is active!
INFO:werkzeug: * Debugger PIN: 106-507-965
INFO:werkzeug: * Detected change in '/app/app.py', reloading
INFO:werkzeug: * Restarting with stat
INFO:logger:
---------------------


WARNING:werkzeug: * Debugger is active!
INFO:werkzeug: * Debugger PIN: 106-507-965
INFO:werkzeug: * Detected change in '/app/app.py', reloading
INFO:werkzeug: * Restarting with stat
INFO:logger:
---------------------


WARNING:werkzeug: * Debugger is active!
INFO:werkzeug: * Debugger PIN: 106-507-965
INFO:werkzeug: * Detected change in '/app/app.py', reloading
INFO:werkzeug: * Restarting with stat
INFO:logger:
---------------------


WARNING:werkzeug: * Debugger is active!
INFO:werkzeug: * Debugger PIN: 106-507-965
INFO:werkzeug: * Detected change in '/app/app.py', reloading
INFO:werkzeug: * Restarting with stat
INFO:logger:
---------------------


WARNING:werkzeug: * Debugger is active!
INFO:werkzeug: * Debugger PIN: 106-507-965
INFO:werkzeug: * Detected change in '/app/app.py', reloading
INFO:werkzeug: * Restarting with stat
INFO:logger:
---------------------


WARNING:werkzeug: * Debugger is active!
INFO:werkzeug: * Debugger PIN: 106-507-965
INFO:werkzeug: * Detected change in '/app/app.py', reloading
INFO:werkzeug: * Restarting with stat
INFO:logger:
---------------------


WARNING:werkzeug: * Debugger is active!
INFO:werkzeug: * Debugger PIN: 106-507-965
INFO:werkzeug: * Detected change in '/app/app.py', reloading
INFO:werkzeug: * Restarting with stat
INFO:logger:
---------------------


WARNING:werkzeug: * Debugger is active!
INFO:werkzeug: * Debugger PIN: 106-507-965
INFO:werkzeug: * Detected change in '/app/app.py', reloading
INFO:werkzeug: * Restarting with stat
INFO:logger:
---------------------


WARNING:werkzeug: * Debugger is active!
INFO:werkzeug: * Debugger PIN: 106-507-965
INFO:werkzeug: * Detected change in '/app/app.py', reloading
INFO:werkzeug: * Restarting with stat
INFO:logger:
---------------------


WARNING:werkzeug: * Debugger is active!
INFO:werkzeug: * Debugger PIN: 106-507-965
INFO:werkzeug: * Detected change in '/app/app.py', reloading
INFO:werkzeug: * Restarting with stat
INFO:logger:
---------------------


WARNING:werkzeug: * Debugger is active!
INFO:werkzeug: * Debugger PIN: 106-507-965
INFO:werkzeug: * Detected change in '/app/app.py', reloading
INFO:werkzeug: * Restarting with stat
INFO:logger:
---------------------


WARNING:werkzeug: * Debugger is active!
INFO:werkzeug: * Debugger PIN: 106-507-965
INFO:werkzeug: * Detected change in '/app/app.py', reloading
INFO:werkzeug: * Restarting with stat
INFO:logger:
---------------------


WARNING:werkzeug: * Debugger is active!
INFO:werkzeug: * Debugger PIN: 106-507-965
INFO:werkzeug: * Detected change in '/app/app.py', reloading
INFO:werkzeug: * Restarting with stat
INFO:logger:
---------------------


WARNING:werkzeug: * Debugger is active!
INFO:werkzeug: * Debugger PIN: 106-507-965
INFO:werkzeug: * Detected change in '/app/app.py', reloading
INFO:werkzeug: * Restarting with stat
INFO:logger:
---------------------


WARNING:werkzeug: * Debugger is active!
INFO:werkzeug: * Debugger PIN: 106-507-965
INFO:werkzeug: * Detected change in '/app/app.py', reloading
INFO:werkzeug: * Restarting with stat
INFO:logger:
---------------------


WARNING:werkzeug: * Debugger is active!
INFO:werkzeug: * Debugger PIN: 106-507-965
INFO:werkzeug: * Detected change in '/app/app.py', reloading
INFO:werkzeug: * Restarting with stat
INFO:logger:
---------------------


INFO:werkzeug:[31m[1mWARNING: This is a development server. Do not use it in a production deployment. Use a production WSGI server instead.[0m
 * Running on all addresses (0.0.0.0)
 * Running on http://127.0.0.1:5000
 * Running on http://172.19.0.3:5000
INFO:werkzeug:[33mPress CTRL+C to quit[0m
INFO:werkzeug: * Restarting with stat
INFO:logger:
---------------------


WARNING:werkzeug: * Debugger is active!
INFO:werkzeug: * Debugger PIN: 141-139-861
INFO:werkzeug: * Detected change in '/app/app.py', reloading
INFO:werkzeug: * Restarting with stat
INFO:logger:
---------------------


WARNING:werkzeug: * Debugger is active!
INFO:werkzeug: * Debugger PIN: 141-139-861
INFO:werkzeug: * Detected change in '/app/app.py', reloading
INFO:werkzeug: * Restarting with stat
INFO:logger:
---------------------


WARNING:werkzeug: * Debugger is active!
INFO:werkzeug: * Debugger PIN: 141-139-861
INFO:werkzeug: * Detected change in '/app/app.py', reloading
INFO:werkzeug: * Restarting with stat
INFO:logger:
---------------------


WARNING:werkzeug: * Debugger is active!
INFO:werkzeug: * Debugger PIN: 141-139-861
INFO:werkzeug: * Detected change in '/app/app.py', reloading
INFO:werkzeug: * Restarting with stat
INFO:logger:
---------------------


WARNING:werkzeug: * Debugger is active!
INFO:werkzeug: * Debugger PIN: 141-139-861
INFO:werkzeug: * Detected change in '/app/app.py', reloading
INFO:werkzeug: * Restarting with stat
INFO:logger:
---------------------


WARNING:werkzeug: * Debugger is active!
INFO:werkzeug: * Debugger PIN: 141-139-861
INFO:werkzeug: * Detected change in '/app/app.py', reloading
INFO:werkzeug: * Restarting with stat
INFO:logger:
---------------------


WARNING:werkzeug: * Debugger is active!
INFO:werkzeug: * Debugger PIN: 141-139-861
INFO:werkzeug: * Detected change in '/app/app.py', reloading
INFO:werkzeug: * Restarting with stat
INFO:logger:
---------------------


INFO:werkzeug:[31m[1mWARNING: This is a development server. Do not use it in a production deployment. Use a production WSGI server instead.[0m
 * Running on all addresses (0.0.0.0)
 * Running on http://127.0.0.1:5000
 * Running on http://172.19.0.3:5000
INFO:werkzeug:[33mPress CTRL+C to quit[0m
INFO:werkzeug: * Restarting with stat
INFO:logger:
---------------------


WARNING:werkzeug: * Debugger is active!
INFO:werkzeug: * Debugger PIN: 422-593-592
INFO:werkzeug:172.19.0.1 - - [16/Dec/2024 17:49:38] "GET / HTTP/1.1" 200 -
INFO:werkzeug:172.19.0.1 - - [16/Dec/2024 17:49:42] "GET /part1.html HTTP/1.1" 200 -
INFO:logger:---- part1_register ----
ERROR:logger:Error registering user: relation "users_safe" does not exist
LINE 1: SELECT * FROM users_safe WHERE username = 'username'
                      ^

INFO:werkzeug:172.19.0.1 - - [16/Dec/2024 17:49:55] "GET /part1_register?r_username=username&r_password=password HTTP/1.1" 200 -
INFO:werkzeug: * Detected change in '/app/app.py', reloading
INFO:werkzeug: * Restarting with stat
INFO:logger:
---------------------


WARNING:werkzeug: * Debugger is active!
INFO:werkzeug: * Debugger PIN: 422-593-592
INFO:werkzeug: * Detected change in '/app/app.py', reloading
INFO:werkzeug: * Restarting with stat
INFO:logger:
---------------------


WARNING:werkzeug: * Debugger is active!
INFO:werkzeug: * Debugger PIN: 422-593-592
INFO:logger:---- part1_register ----
ERROR:logger:Error registering user: relation "users_safe" does not exist
LINE 1: INSERT INTO users_safe (username, password) VALUES ('usernam...
                    ^

INFO:werkzeug:172.19.0.1 - - [16/Dec/2024 17:50:55] "GET /part1_register?r_username=username&r_password=password HTTP/1.1" 200 -
INFO:werkzeug: * Detected change in '/app/app.py', reloading
INFO:werkzeug: * Restarting with stat
INFO:logger:
---------------------


WARNING:werkzeug: * Debugger is active!
INFO:werkzeug: * Debugger PIN: 422-593-592
INFO:logger:---- part1_register ----
ERROR:logger:Error registering user: column "password" of relation "users" does not exist
LINE 1: INSERT INTO users (username, password) VALUES ('username', '...
                                     ^

INFO:werkzeug:172.19.0.1 - - [16/Dec/2024 17:51:10] "GET /part1_register?r_username=username&r_password=password HTTP/1.1" 200 -
INFO:werkzeug: * Detected change in '/app/app.py', reloading
INFO:werkzeug: * Restarting with stat
INFO:logger:
---------------------


WARNING:werkzeug: * Debugger is active!
INFO:werkzeug: * Debugger PIN: 422-593-592
INFO:logger:---- part1_register ----
INFO:werkzeug:172.19.0.1 - - [16/Dec/2024 17:51:23] "GET /part1_register?r_username=username&r_password=password HTTP/1.1" 200 -
INFO:logger:---- part1_vulnerable ----
INFO:werkzeug:172.19.0.1 - - [16/Dec/2024 17:52:03] "GET /part1_vulnerable?v_username=username&v_password=password&v_remember=on HTTP/1.1" 200 -
INFO:logger:---- part1_vulnerable ----
INFO:werkzeug:172.19.0.1 - - [16/Dec/2024 17:52:10] "GET /part1_vulnerable?v_username=username&v_password=password121&v_remember=on HTTP/1.1" 200 -
INFO:logger:---- part1_correct ----
INFO:werkzeug:172.19.0.1 - - [16/Dec/2024 17:52:43] "GET /part1_correct?c_username=username&c_password=password&c_remember=on HTTP/1.1" 200 -
INFO:logger:---- part1_correct ----
INFO:werkzeug:172.19.0.1 - - [16/Dec/2024 17:53:26] "GET /part1_correct?c_username=username&c_password=password&c_remember=on HTTP/1.1" 200 -
INFO:werkzeug: * Detected change in '/app/app.py', reloading
INFO:werkzeug: * Restarting with stat
INFO:logger:
---------------------


WARNING:werkzeug: * Debugger is active!
INFO:werkzeug: * Debugger PIN: 422-593-592
INFO:werkzeug: * Detected change in '/app/app.py', reloading
INFO:werkzeug: * Restarting with stat
INFO:logger:
---------------------


WARNING:werkzeug: * Debugger is active!
INFO:werkzeug: * Debugger PIN: 422-593-592
INFO:werkzeug: * Detected change in '/app/app.py', reloading
INFO:werkzeug: * Restarting with stat
INFO:logger:
---------------------


WARNING:werkzeug: * Debugger is active!
INFO:werkzeug: * Debugger PIN: 422-593-592
INFO:werkzeug: * Detected change in '/app/app.py', reloading
INFO:werkzeug: * Restarting with stat
INFO:logger:
---------------------


INFO:werkzeug:[31m[1mWARNING: This is a development server. Do not use it in a production deployment. Use a production WSGI server instead.[0m
 * Running on all addresses (0.0.0.0)
 * Running on http://127.0.0.1:5000
 * Running on http://172.19.0.3:5000
INFO:werkzeug:[33mPress CTRL+C to quit[0m
INFO:werkzeug: * Restarting with stat
INFO:logger:
---------------------


WARNING:werkzeug: * Debugger is active!
INFO:werkzeug: * Debugger PIN: 315-362-973
INFO:werkzeug: * Detected change in '/app/app.py', reloading
INFO:werkzeug: * Restarting with stat
INFO:logger:
---------------------


WARNING:werkzeug: * Debugger is active!
INFO:werkzeug: * Debugger PIN: 315-362-973
INFO:werkzeug: * Detected change in '/app/app.py', reloading
INFO:werkzeug: * Restarting with stat
INFO:logger:
---------------------


WARNING:werkzeug: * Debugger is active!
INFO:werkzeug: * Debugger PIN: 315-362-973
INFO:werkzeug: * Detected change in '/app/app.py', reloading
INFO:werkzeug: * Restarting with stat
INFO:logger:
---------------------


WARNING:werkzeug: * Debugger is active!
INFO:werkzeug: * Debugger PIN: 315-362-973
INFO:werkzeug: * Detected change in '/app/app.py', reloading
INFO:werkzeug: * Restarting with stat
INFO:logger:
---------------------


WARNING:werkzeug: * Debugger is active!
INFO:werkzeug: * Debugger PIN: 315-362-973
INFO:werkzeug: * Detected change in '/app/app.py', reloading
INFO:werkzeug: * Restarting with stat
INFO:logger:
---------------------


WARNING:werkzeug: * Debugger is active!
INFO:werkzeug: * Debugger PIN: 315-362-973
INFO:werkzeug: * Detected change in '/app/app.py', reloading
INFO:werkzeug: * Restarting with stat
INFO:logger:
---------------------


WARNING:werkzeug: * Debugger is active!
INFO:werkzeug: * Debugger PIN: 315-362-973
INFO:werkzeug: * Detected change in '/app/app.py', reloading
INFO:werkzeug: * Restarting with stat
INFO:logger:
---------------------


WARNING:werkzeug: * Debugger is active!
INFO:werkzeug: * Debugger PIN: 315-362-973
INFO:werkzeug: * Detected change in '/app/app.py', reloading
INFO:werkzeug: * Restarting with stat
INFO:logger:
---------------------


WARNING:werkzeug: * Debugger is active!
INFO:werkzeug: * Debugger PIN: 315-362-973
INFO:werkzeug: * Detected change in '/app/app.py', reloading
INFO:werkzeug: * Restarting with stat
INFO:logger:
---------------------


WARNING:werkzeug: * Debugger is active!
INFO:werkzeug: * Debugger PIN: 315-362-973
INFO:werkzeug: * Detected change in '/app/app.py', reloading
INFO:werkzeug: * Restarting with stat
INFO:logger:
---------------------


WARNING:werkzeug: * Debugger is active!
INFO:werkzeug: * Debugger PIN: 315-362-973
INFO:werkzeug: * Detected change in '/app/app.py', reloading
INFO:werkzeug: * Restarting with stat
INFO:logger:
---------------------


WARNING:werkzeug: * Debugger is active!
INFO:werkzeug: * Debugger PIN: 315-362-973
INFO:werkzeug: * Detected change in '/app/app.py', reloading
INFO:werkzeug: * Restarting with stat
INFO:logger:
---------------------


WARNING:werkzeug: * Debugger is active!
INFO:werkzeug: * Debugger PIN: 315-362-973
INFO:werkzeug: * Detected change in '/app/app.py', reloading
INFO:werkzeug: * Restarting with stat
INFO:logger:
---------------------


WARNING:werkzeug: * Debugger is active!
INFO:werkzeug: * Debugger PIN: 315-362-973
INFO:werkzeug: * Detected change in '/app/app.py', reloading
INFO:werkzeug: * Restarting with stat
INFO:logger:
---------------------


INFO:werkzeug:[31m[1mWARNING: This is a development server. Do not use it in a production deployment. Use a production WSGI server instead.[0m
 * Running on all addresses (0.0.0.0)
 * Running on http://127.0.0.1:5000
 * Running on http://172.19.0.3:5000
INFO:werkzeug:[33mPress CTRL+C to quit[0m
INFO:werkzeug: * Restarting with stat
INFO:logger:
---------------------


WARNING:werkzeug: * Debugger is active!
INFO:werkzeug: * Debugger PIN: 132-878-931
INFO:logger:---- part1_correct ----
INFO:werkzeug:172.19.0.1 - - [16/Dec/2024 18:04:47] "GET /part1_correct?c_username=username&c_password=password&c_remember=on HTTP/1.1" 200 -
INFO:logger:---- part1_correct ----
INFO:werkzeug:172.19.0.1 - - [16/Dec/2024 18:04:57] "GET /part1_correct?c_username=username&c_password=password&c_remember=on HTTP/1.1" 200 -
INFO:logger:---- part1_correct ----
INFO:werkzeug:172.19.0.1 - - [16/Dec/2024 18:05:14] "GET /part1_correct?c_username=username&c_password=pass12345&c_remember=on HTTP/1.1" 200 -
INFO:logger:---- part1_correct ----
INFO:werkzeug:172.19.0.1 - - [16/Dec/2024 18:05:19] "GET /part1_correct?c_username=username&c_password=pass1234&c_remember=on HTTP/1.1" 200 -
INFO:logger:---- part1_correct ----
INFO:werkzeug:172.19.0.1 - - [16/Dec/2024 18:05:28] "GET /part1_correct?c_username=username&c_password=pass1234&c_remember=on HTTP/1.1" 200 -
INFO:logger:---- part1_register ----
INFO:werkzeug:172.19.0.1 - - [16/Dec/2024 18:06:06] "GET /part1_register?r_username=simao&r_password=simao HTTP/1.1" 200 -
INFO:logger:---- part1_correct ----
INFO:werkzeug:172.19.0.1 - - [16/Dec/2024 18:06:13] "GET /part1_correct?c_username=simao&c_password=simao&c_remember=on HTTP/1.1" 200 -
INFO:logger:---- part1_correct ----
INFO:werkzeug:172.19.0.1 - - [16/Dec/2024 18:06:21] "GET /part1_correct?c_username=simao&c_password=simao&c_remember=on HTTP/1.1" 200 -
INFO:werkzeug:172.19.0.1 - - [16/Dec/2024 18:09:08] "GET /part1.html HTTP/1.1" 200 -
INFO:logger:---- part1_correct ----
INFO:werkzeug:172.19.0.1 - - [16/Dec/2024 18:09:15] "GET /part1_correct?c_username=simao&c_password=simao HTTP/1.1" 200 -
INFO:logger:---- part1_correct ----
INFO:werkzeug:172.19.0.1 - - [16/Dec/2024 18:09:21] "GET /part1_correct?c_username=simao&c_password=simao2 HTTP/1.1" 200 -
INFO:logger:---- part1_correct ----
INFO:werkzeug:172.19.0.1 - - [16/Dec/2024 19:33:16] "GET /part1_correct?c_username=simao&c_password=sousa&c_remember=on HTTP/1.1" 200 -
INFO:logger:---- part1_correct ----
INFO:werkzeug:172.19.0.1 - - [16/Dec/2024 19:33:28] "GET /part1_correct?c_username=simao&c_password=simao&c_remember=on HTTP/1.1" 200 -
INFO:werkzeug:172.19.0.1 - - [16/Dec/2024 19:35:03] "GET /part1.html HTTP/1.1" 200 -
INFO:logger:---- part1_correct ----
INFO:werkzeug:172.19.0.1 - - [16/Dec/2024 19:35:06] "POST /part1_correct HTTP/1.1" 200 -
INFO:logger:---- part1_vulnerable ----
INFO:werkzeug:172.19.0.1 - - [16/Dec/2024 19:35:19] "GET /part1_vulnerable?v_username=username&v_password=password&v_remember=on HTTP/1.1" 200 -
INFO:logger:---- part1_correct ----
INFO:werkzeug:172.19.0.1 - - [16/Dec/2024 19:35:31] "POST /part1_correct HTTP/1.1" 200 -
INFO:werkzeug: * Detected change in '/app/app.py', reloading
INFO:werkzeug: * Restarting with stat
INFO:logger:
---------------------


WARNING:werkzeug: * Debugger is active!
INFO:werkzeug: * Debugger PIN: 132-878-931
INFO:werkzeug: * Detected change in '/app/app.py', reloading
INFO:werkzeug: * Restarting with stat
INFO:logger:
---------------------


WARNING:werkzeug: * Debugger is active!
INFO:werkzeug: * Debugger PIN: 132-878-931
INFO:werkzeug: * Detected change in '/app/app.py', reloading
INFO:werkzeug: * Restarting with stat
INFO:logger:
---------------------


WARNING:werkzeug: * Debugger is active!
INFO:werkzeug: * Debugger PIN: 132-878-931
INFO:werkzeug: * Detected change in '/app/app.py', reloading
INFO:werkzeug: * Restarting with stat
INFO:logger:
---------------------


WARNING:werkzeug: * Debugger is active!
INFO:werkzeug: * Debugger PIN: 132-878-931
INFO:werkzeug: * Detected change in '/app/app.py', reloading
INFO:werkzeug: * Restarting with stat
INFO:logger:
---------------------


WARNING:werkzeug: * Debugger is active!
INFO:werkzeug: * Debugger PIN: 132-878-931
INFO:werkzeug: * Detected change in '/app/app.py', reloading
INFO:werkzeug: * Restarting with stat
INFO:logger:
---------------------


WARNING:werkzeug: * Debugger is active!
INFO:werkzeug: * Debugger PIN: 132-878-931
INFO:werkzeug: * Detected change in '/app/app.py', reloading
INFO:werkzeug: * Restarting with stat
INFO:logger:
---------------------


WARNING:werkzeug: * Debugger is active!
INFO:werkzeug: * Debugger PIN: 132-878-931
INFO:werkzeug: * Detected change in '/app/app.py', reloading
INFO:werkzeug: * Restarting with stat
INFO:logger:
---------------------


WARNING:werkzeug: * Debugger is active!
INFO:werkzeug: * Debugger PIN: 132-878-931
INFO:werkzeug: * Detected change in '/app/app.py', reloading
INFO:werkzeug: * Restarting with stat
INFO:logger:
---------------------


WARNING:werkzeug: * Debugger is active!
INFO:werkzeug: * Debugger PIN: 132-878-931
INFO:werkzeug: * Detected change in '/app/app.py', reloading
INFO:werkzeug: * Restarting with stat
INFO:logger:
---------------------


WARNING:werkzeug: * Debugger is active!
INFO:werkzeug: * Debugger PIN: 132-878-931
INFO:werkzeug: * Detected change in '/app/app.py', reloading
INFO:werkzeug: * Restarting with stat
INFO:logger:
---------------------


WARNING:werkzeug: * Debugger is active!
INFO:werkzeug: * Debugger PIN: 132-878-931
INFO:werkzeug: * Detected change in '/app/app.py', reloading
INFO:werkzeug: * Restarting with stat
INFO:logger:
---------------------


WARNING:werkzeug: * Debugger is active!
INFO:werkzeug: * Debugger PIN: 132-878-931
INFO:werkzeug: * Detected change in '/app/app.py', reloading
INFO:werkzeug: * Restarting with stat
INFO:logger:
---------------------


WARNING:werkzeug: * Debugger is active!
INFO:werkzeug: * Debugger PIN: 132-878-931
INFO:werkzeug: * Detected change in '/app/app.py', reloading
INFO:werkzeug: * Restarting with stat
INFO:logger:
---------------------


WARNING:werkzeug: * Debugger is active!
INFO:werkzeug: * Debugger PIN: 132-878-931
INFO:werkzeug: * Detected change in '/app/app.py', reloading
INFO:werkzeug: * Restarting with stat
INFO:logger:
---------------------


WARNING:werkzeug: * Debugger is active!
INFO:werkzeug: * Debugger PIN: 132-878-931
INFO:werkzeug: * Detected change in '/app/app.py', reloading
INFO:werkzeug: * Restarting with stat
INFO:logger:
---------------------


WARNING:werkzeug: * Debugger is active!
INFO:werkzeug: * Debugger PIN: 132-878-931
INFO:werkzeug: * Detected change in '/app/app.py', reloading
INFO:werkzeug: * Restarting with stat
INFO:logger:
---------------------


WARNING:werkzeug: * Debugger is active!
INFO:werkzeug: * Debugger PIN: 132-878-931
INFO:werkzeug: * Detected change in '/app/app.py', reloading
INFO:werkzeug: * Restarting with stat
INFO:logger:
---------------------


WARNING:werkzeug: * Debugger is active!
INFO:werkzeug: * Debugger PIN: 132-878-931
INFO:werkzeug: * Detected change in '/app/app.py', reloading
INFO:werkzeug: * Restarting with stat
INFO:logger:
---------------------


WARNING:werkzeug: * Debugger is active!
INFO:werkzeug: * Debugger PIN: 132-878-931
INFO:werkzeug: * Detected change in '/app/app.py', reloading
INFO:werkzeug: * Restarting with stat
INFO:logger:
---------------------


WARNING:werkzeug: * Debugger is active!
INFO:werkzeug: * Debugger PIN: 132-878-931
INFO:werkzeug: * Detected change in '/app/app.py', reloading
INFO:werkzeug: * Restarting with stat
INFO:logger:
---------------------


WARNING:werkzeug: * Debugger is active!
INFO:werkzeug: * Debugger PIN: 132-878-931
INFO:werkzeug: * Detected change in '/app/app.py', reloading
INFO:werkzeug: * Restarting with stat
INFO:logger:
---------------------


WARNING:werkzeug: * Debugger is active!
INFO:werkzeug: * Debugger PIN: 132-878-931
INFO:werkzeug: * Detected change in '/app/app.py', reloading
INFO:werkzeug: * Restarting with stat
INFO:logger:
---------------------


WARNING:werkzeug: * Debugger is active!
INFO:werkzeug: * Debugger PIN: 132-878-931
INFO:werkzeug: * Detected change in '/app/app.py', reloading
INFO:werkzeug: * Restarting with stat
INFO:logger:
---------------------


WARNING:werkzeug: * Debugger is active!
INFO:werkzeug: * Debugger PIN: 132-878-931
INFO:werkzeug: * Detected change in '/app/app.py', reloading
INFO:werkzeug: * Restarting with stat
INFO:logger:
---------------------


WARNING:werkzeug: * Debugger is active!
INFO:werkzeug: * Debugger PIN: 132-878-931
INFO:werkzeug: * Detected change in '/app/app.py', reloading
INFO:werkzeug: * Restarting with stat
INFO:logger:
---------------------


WARNING:werkzeug: * Debugger is active!
INFO:werkzeug: * Debugger PIN: 132-878-931
INFO:werkzeug: * Detected change in '/app/app.py', reloading
INFO:werkzeug: * Restarting with stat
INFO:logger:
---------------------


WARNING:werkzeug: * Debugger is active!
INFO:werkzeug: * Debugger PIN: 132-878-931
INFO:werkzeug: * Detected change in '/app/app.py', reloading
INFO:werkzeug: * Restarting with stat
INFO:logger:
---------------------


WARNING:werkzeug: * Debugger is active!
INFO:werkzeug: * Debugger PIN: 132-878-931
INFO:werkzeug: * Detected change in '/app/app.py', reloading
INFO:werkzeug: * Restarting with stat
INFO:logger:
---------------------


WARNING:werkzeug: * Debugger is active!
INFO:werkzeug: * Debugger PIN: 132-878-931
INFO:werkzeug: * Detected change in '/app/app.py', reloading
INFO:werkzeug: * Restarting with stat
INFO:logger:
---------------------


WARNING:werkzeug: * Debugger is active!
INFO:werkzeug: * Debugger PIN: 132-878-931
INFO:werkzeug: * Detected change in '/app/app.py', reloading
INFO:werkzeug: * Restarting with stat
INFO:logger:
---------------------


WARNING:werkzeug: * Debugger is active!
INFO:werkzeug: * Debugger PIN: 132-878-931
INFO:werkzeug: * Detected change in '/app/app.py', reloading
INFO:werkzeug: * Restarting with stat
INFO:logger:
---------------------


WARNING:werkzeug: * Debugger is active!
INFO:werkzeug: * Debugger PIN: 132-878-931
INFO:werkzeug: * Detected change in '/app/app.py', reloading
INFO:werkzeug: * Restarting with stat
INFO:logger:
---------------------


WARNING:werkzeug: * Debugger is active!
INFO:werkzeug: * Debugger PIN: 132-878-931
INFO:werkzeug: * Detected change in '/app/app.py', reloading
INFO:werkzeug: * Restarting with stat
INFO:logger:
---------------------


WARNING:werkzeug: * Debugger is active!
INFO:werkzeug: * Debugger PIN: 132-878-931
INFO:werkzeug: * Detected change in '/app/app.py', reloading
INFO:werkzeug: * Restarting with stat
INFO:logger:
---------------------


WARNING:werkzeug: * Debugger is active!
INFO:werkzeug: * Debugger PIN: 132-878-931
INFO:werkzeug: * Detected change in '/app/app.py', reloading
INFO:werkzeug: * Restarting with stat
INFO:logger:
---------------------


WARNING:werkzeug: * Debugger is active!
INFO:werkzeug: * Debugger PIN: 132-878-931
INFO:werkzeug: * Detected change in '/app/app.py', reloading
INFO:werkzeug: * Restarting with stat
INFO:logger:
---------------------


WARNING:werkzeug: * Debugger is active!
INFO:werkzeug: * Debugger PIN: 132-878-931
INFO:werkzeug: * Detected change in '/app/app.py', reloading
INFO:werkzeug: * Restarting with stat
INFO:logger:
---------------------


WARNING:werkzeug: * Debugger is active!
INFO:werkzeug: * Debugger PIN: 132-878-931
INFO:werkzeug: * Detected change in '/app/app.py', reloading
INFO:werkzeug: * Restarting with stat
INFO:logger:
---------------------


WARNING:werkzeug: * Debugger is active!
INFO:werkzeug: * Debugger PIN: 132-878-931
INFO:werkzeug: * Detected change in '/app/app.py', reloading
INFO:werkzeug: * Restarting with stat
INFO:logger:
---------------------


WARNING:werkzeug: * Debugger is active!
INFO:werkzeug: * Debugger PIN: 132-878-931
INFO:werkzeug: * Detected change in '/app/app.py', reloading
INFO:werkzeug: * Restarting with stat
INFO:logger:
---------------------


WARNING:werkzeug: * Debugger is active!
INFO:werkzeug: * Debugger PIN: 132-878-931
INFO:werkzeug: * Detected change in '/app/app.py', reloading
INFO:werkzeug: * Restarting with stat
INFO:logger:
---------------------


WARNING:werkzeug: * Debugger is active!
INFO:werkzeug: * Debugger PIN: 132-878-931
INFO:werkzeug: * Detected change in '/app/app.py', reloading
INFO:werkzeug: * Restarting with stat
INFO:logger:
---------------------


WARNING:werkzeug: * Debugger is active!
INFO:werkzeug: * Debugger PIN: 132-878-931
INFO:werkzeug: * Detected change in '/app/app.py', reloading
INFO:werkzeug: * Restarting with stat
INFO:logger:
---------------------


WARNING:werkzeug: * Debugger is active!
INFO:werkzeug: * Debugger PIN: 132-878-931
INFO:werkzeug: * Detected change in '/app/app.py', reloading
INFO:werkzeug: * Restarting with stat
INFO:logger:
---------------------


WARNING:werkzeug: * Debugger is active!
INFO:werkzeug: * Debugger PIN: 132-878-931
INFO:werkzeug: * Detected change in '/app/app.py', reloading
INFO:werkzeug: * Restarting with stat
INFO:logger:
---------------------


WARNING:werkzeug: * Debugger is active!
INFO:werkzeug: * Debugger PIN: 132-878-931
INFO:werkzeug: * Detected change in '/app/app.py', reloading
INFO:werkzeug: * Restarting with stat
INFO:logger:
---------------------


WARNING:werkzeug: * Debugger is active!
INFO:werkzeug: * Debugger PIN: 132-878-931
INFO:werkzeug: * Detected change in '/app/app.py', reloading
INFO:werkzeug: * Restarting with stat
INFO:logger:
---------------------


WARNING:werkzeug: * Debugger is active!
INFO:werkzeug: * Debugger PIN: 132-878-931
INFO:werkzeug: * Detected change in '/app/app.py', reloading
INFO:werkzeug: * Restarting with stat
INFO:logger:
---------------------


WARNING:werkzeug: * Debugger is active!
INFO:werkzeug: * Debugger PIN: 132-878-931
INFO:werkzeug: * Detected change in '/app/app.py', reloading
INFO:werkzeug: * Restarting with stat
INFO:logger:
---------------------


WARNING:werkzeug: * Debugger is active!
INFO:werkzeug: * Debugger PIN: 132-878-931
INFO:werkzeug: * Detected change in '/app/app.py', reloading
INFO:werkzeug: * Restarting with stat
INFO:logger:
---------------------


WARNING:werkzeug: * Debugger is active!
INFO:werkzeug: * Debugger PIN: 132-878-931
INFO:werkzeug: * Detected change in '/app/app.py', reloading
INFO:werkzeug: * Restarting with stat
INFO:logger:
---------------------


WARNING:werkzeug: * Debugger is active!
INFO:werkzeug: * Debugger PIN: 132-878-931
INFO:werkzeug: * Detected change in '/app/app.py', reloading
INFO:werkzeug: * Restarting with stat
INFO:logger:
---------------------


WARNING:werkzeug: * Debugger is active!
INFO:werkzeug: * Debugger PIN: 132-878-931
INFO:werkzeug: * Detected change in '/app/app.py', reloading
INFO:werkzeug: * Restarting with stat
INFO:logger:
---------------------


WARNING:werkzeug: * Debugger is active!
INFO:werkzeug: * Debugger PIN: 132-878-931
INFO:werkzeug: * Detected change in '/app/app.py', reloading
INFO:werkzeug: * Restarting with stat
INFO:logger:
---------------------


WARNING:werkzeug: * Debugger is active!
INFO:werkzeug: * Debugger PIN: 132-878-931
INFO:werkzeug: * Detected change in '/app/app.py', reloading
INFO:werkzeug: * Restarting with stat
INFO:logger:
---------------------


WARNING:werkzeug: * Debugger is active!
INFO:werkzeug: * Debugger PIN: 132-878-931
INFO:werkzeug: * Detected change in '/app/app.py', reloading
INFO:werkzeug: * Restarting with stat
INFO:logger:
---------------------


WARNING:werkzeug: * Debugger is active!
INFO:werkzeug: * Debugger PIN: 132-878-931
INFO:werkzeug: * Detected change in '/app/app.py', reloading
INFO:werkzeug: * Restarting with stat
INFO:logger:
---------------------


WARNING:werkzeug: * Debugger is active!
INFO:werkzeug: * Debugger PIN: 132-878-931
INFO:werkzeug: * Detected change in '/app/app.py', reloading
INFO:werkzeug: * Restarting with stat
INFO:logger:
---------------------


INFO:werkzeug:[31m[1mWARNING: This is a development server. Do not use it in a production deployment. Use a production WSGI server instead.[0m
 * Running on all addresses (0.0.0.0)
 * Running on http://127.0.0.1:5000
 * Running on http://172.19.0.3:5000
INFO:werkzeug:[33mPress CTRL+C to quit[0m
INFO:werkzeug: * Restarting with stat
INFO:logger:
---------------------


WARNING:werkzeug: * Debugger is active!
INFO:werkzeug: * Debugger PIN: 402-404-301
INFO:logger:---- part1_vulnerable ----
INFO:werkzeug:172.19.0.1 - - [16/Dec/2024 19:52:30] "GET /part1_vulnerable?v_username=username&v_password=1234&v_remember=on HTTP/1.1" 200 -
INFO:logger:---- part1_vulnerable ----
INFO:werkzeug:172.19.0.1 - - [16/Dec/2024 19:52:43] "GET /part1_vulnerable?v_username=username&v_password=12345 HTTP/1.1" 200 -
INFO:logger:---- part1_register ----
INFO:werkzeug:172.19.0.1 - - [16/Dec/2024 19:52:48] "GET /part1_register?r_username=username&r_password=1234 HTTP/1.1" 200 -
INFO:logger:---- part1_vulnerable ----
ERROR:logger:Error logging in: tuple index out of range
INFO:werkzeug:172.19.0.1 - - [16/Dec/2024 19:52:52] "GET /part1_vulnerable?v_username=username&v_password=12345 HTTP/1.1" 200 -
INFO:werkzeug: * Detected change in '/app/app.py', reloading
INFO:werkzeug: * Restarting with stat
INFO:logger:
---------------------


WARNING:werkzeug: * Debugger is active!
INFO:werkzeug: * Debugger PIN: 402-404-301
INFO:logger:---- part1_vulnerable ----
INFO:werkzeug:172.19.0.1 - - [16/Dec/2024 19:53:26] "GET /part1_vulnerable?v_username=username&v_password=12345 HTTP/1.1" 200 -
INFO:logger:---- part1_vulnerable ----
INFO:werkzeug:172.19.0.1 - - [16/Dec/2024 19:53:40] "GET /part1_vulnerable?v_username=username&v_password=1234&v_remember=on HTTP/1.1" 200 -
INFO:logger:---- part1_correct ----
INFO:werkzeug:172.19.0.1 - - [16/Dec/2024 19:53:49] "POST /part1_correct HTTP/1.1" 200 -
INFO:logger:---- part1_correct ----
INFO:werkzeug:172.19.0.1 - - [16/Dec/2024 19:54:02] "POST /part1_correct HTTP/1.1" 200 -
INFO:logger:---- part1_correct ----
INFO:werkzeug:172.19.0.1 - - [16/Dec/2024 19:54:08] "POST /part1_correct HTTP/1.1" 200 -
INFO:werkzeug:172.19.0.1 - - [16/Dec/2024 19:56:56] "GET /part1.html HTTP/1.1" 200 -
INFO:werkzeug:172.19.0.1 - - [16/Dec/2024 19:58:23] "GET /part1.html HTTP/1.1" 200 -
INFO:werkzeug:172.19.0.1 - - [16/Dec/2024 19:58:24] "GET /part1.html HTTP/1.1" 200 -
INFO:werkzeug:172.19.0.1 - - [16/Dec/2024 19:59:53] "GET /part1.html HTTP/1.1" 200 -
INFO:werkzeug:172.19.0.1 - - [16/Dec/2024 19:59:55] "GET /part1.html HTTP/1.1" 200 -
INFO:werkzeug:172.19.0.1 - - [16/Dec/2024 19:59:55] "GET /part1.html HTTP/1.1" 200 -
INFO:werkzeug:172.19.0.1 - - [16/Dec/2024 19:59:59] "GET /part1.html HTTP/1.1" 200 -
INFO:werkzeug:172.19.0.1 - - [16/Dec/2024 20:01:30] "GET /part1.html HTTP/1.1" 200 -
INFO:werkzeug:172.19.0.1 - - [16/Dec/2024 20:01:32] "GET /part1.html HTTP/1.1" 200 -
INFO:werkzeug:172.19.0.1 - - [16/Dec/2024 20:01:47] "GET /part1.html HTTP/1.1" 200 -
INFO:werkzeug:172.19.0.1 - - [16/Dec/2024 20:02:18] "GET /part1.html HTTP/1.1" 200 -
INFO:werkzeug:172.19.0.1 - - [16/Dec/2024 20:02:44] "GET /part1.html HTTP/1.1" 200 -
INFO:werkzeug:172.19.0.1 - - [16/Dec/2024 20:02:46] "GET /part1.html HTTP/1.1" 200 -
INFO:werkzeug:172.19.0.1 - - [16/Dec/2024 20:03:11] "GET /part1.html HTTP/1.1" 200 -
INFO:werkzeug:172.19.0.1 - - [16/Dec/2024 20:04:28] "GET /part2.html HTTP/1.1" 200 -
INFO:werkzeug: * Detected change in '/app/app.py', reloading
INFO:werkzeug: * Restarting with stat
INFO:logger:
---------------------


WARNING:werkzeug: * Debugger is active!
INFO:werkzeug: * Debugger PIN: 402-404-301
INFO:werkzeug: * Detected change in '/app/app.py', reloading
INFO:werkzeug: * Restarting with stat
INFO:logger:
---------------------


WARNING:werkzeug: * Debugger is active!
INFO:werkzeug: * Debugger PIN: 402-404-301
INFO:werkzeug: * Detected change in '/app/app.py', reloading
INFO:werkzeug: * Restarting with stat
